app/build/intermediates/manifest_merge_blame_file/debug/manifest-merger-blame-debug-report.txt
1<?xml version="1.0" encoding="utf-8"?>
2<manifest xmlns:android="http://schemas.android.com/apk/res/android"
3    package="com.xsens.dot.android.example"
4    android:versionCode="2"
5    android:versionName="1.1" >
6
7    <uses-sdk
8        android:minSdkVersion="26"
8-->src/main/AndroidManifest.xml
9        android:targetSdkVersion="29" />
9-->src/main/AndroidManifest.xml
10
11    <!-- Add permissions for using Xsens DOT SDK -->
12    <uses-permission android:name="android.permission.BLUETOOTH" />
12-->src/main/AndroidManifest.xml:7:5-68
12-->src/main/AndroidManifest.xml:7:22-65
13    <uses-permission android:name="android.permission.BLUETOOTH_ADMIN" />
13-->src/main/AndroidManifest.xml:8:5-74
13-->src/main/AndroidManifest.xml:8:22-71
14    <uses-permission android:name="android.permission.ACCESS_FINE_LOCATION" />
14-->src/main/AndroidManifest.xml:9:5-79
14-->src/main/AndroidManifest.xml:9:22-76
15    <uses-permission android:name="android.permission.ACCESS_COARSE_LOCATION" />
15-->src/main/AndroidManifest.xml:10:5-81
15-->src/main/AndroidManifest.xml:10:22-78
16
17    <uses-feature
17-->src/main/AndroidManifest.xml:12:5-14:36
18        android:name="android.hardware.bluetooth_le"
18-->src/main/AndroidManifest.xml:13:9-53
19        android:required="false" />
19-->src/main/AndroidManifest.xml:14:9-33
20
21    <uses-permission android:name="android.permission.INTERNET" />
21-->[Xsens_DOT_SDK_Core_Android_v2022.0.0-release_stable_b271_r115468.aar] AndroidManifest.xml:11:5-67
21-->[Xsens_DOT_SDK_Core_Android_v2022.0.0-release_stable_b271_r115468.aar] AndroidManifest.xml:11:22-64
22    <uses-permission android:name="android.permission.READ_EXTERNAL_STORAGE" />
22-->[Xsens_DOT_SDK_Core_Android_v2022.0.0-release_stable_b271_r115468.aar] AndroidManifest.xml:16:5-80
22-->[Xsens_DOT_SDK_Core_Android_v2022.0.0-release_stable_b271_r115468.aar] AndroidManifest.xml:16:22-77
23    <uses-permission android:name="android.permission.WRITE_EXTERNAL_STORAGE" />
23-->[Xsens_DOT_SDK_Core_Android_v2022.0.0-release_stable_b271_r115468.aar] AndroidManifest.xml:17:5-81
23-->[Xsens_DOT_SDK_Core_Android_v2022.0.0-release_stable_b271_r115468.aar] AndroidManifest.xml:17:22-78
24
25    <application
25-->src/main/AndroidManifest.xml:16:5-35:19
26        android:name="com.xsens.dot.android.example.apps.XsensDotApplication"
26-->src/main/AndroidManifest.xml:17:9-49
27        android:allowBackup="true"
27-->src/main/AndroidManifest.xml:18:9-35
28        android:appComponentFactory="androidx.core.app.CoreComponentFactory"
28-->[androidx.core:core:1.3.0] AndroidManifest.xml:24:18-86
29        android:debuggable="true"
30        android:extractNativeLibs="false"
31        android:icon="@mipmap/ic_launcher"
31-->src/main/AndroidManifest.xml:19:9-43
32        android:label="@string/app_name"
32-->src/main/AndroidManifest.xml:20:9-41
33        android:roundIcon="@mipmap/ic_launcher_round"
33-->src/main/AndroidManifest.xml:21:9-54
34        android:supportsRtl="true"
34-->src/main/AndroidManifest.xml:22:9-35
35        android:testOnly="true"
36        android:theme="@style/AppTheme" >
36-->src/main/AndroidManifest.xml:23:9-40
37        <activity
37-->src/main/AndroidManifest.xml:25:9-34:20
38            android:name="com.xsens.dot.android.example.views.MainActivity"
38-->src/main/AndroidManifest.xml:26:13-47
39            android:screenOrientation="portrait" >
39-->src/main/AndroidManifest.xml:27:13-49
40            <intent-filter>
40-->src/main/AndroidManifest.xml:29:13-33:29
41                <action android:name="android.intent.action.MAIN" />
41-->src/main/AndroidManifest.xml:30:17-69
41-->src/main/AndroidManifest.xml:30:25-66
42
43                <category android:name="android.intent.category.LAUNCHER" />
43-->src/main/AndroidManifest.xml:32:17-77
43-->src/main/AndroidManifest.xml:32:27-74
44            </intent-filter>
45        </activity>
46    </application>
47
48</manifest>